<?xml version="1.0" encoding="UTF-8"?>
<!-- Generated by org.testng.reporters.JUnitReportReporter -->
<testsuite hostname="bLacKDoPh1n" failures="0" tests="1" name="com.project.test.TC_MultiWorkFlow" time="22.103" errors="0" timestamp="2024-07-01T03:00:24 IST" skipped="0">
  <testcase classname="com.project.test.TC_MultiWorkFlow" name="multiFlow" time="22.103"/>
</testsuite> <!-- com.project.test.TC_MultiWorkFlow -->
