<?xml version="1.0" encoding="UTF-8"?>
<!-- Generated by org.testng.reporters.JUnitReportReporter -->
<testsuite hostname="bLacKDoPh1n" failures="0" tests="1" name="com.webUI.selenium.TestNgTest" time="0.015" errors="0" timestamp="2024-06-29T00:01:50 IST" skipped="0">
  <testcase classname="com.webUI.selenium.TestNgTest" name="launch" time="0.015"/>
</testsuite> <!-- com.webUI.selenium.TestNgTest -->
