<?xml version="1.0" encoding="UTF-8"?>
<!-- Generated by org.testng.reporters.JUnitReportReporter -->
<testsuite hostname="bLacKDoPh1n" failures="0" tests="2" name="com.project.test.TC_loginLogout" time="6.695" errors="0" timestamp="2024-06-30T15:08:54 IST" skipped="1">
  <testcase classname="com.project.test.TC_loginLogout" name="logInWithLockedOutusr" time="6.695"/>
  <testcase classname="com.project.test.TC_loginLogout" name="defaultLogInLogOut">
    <skipped/>
  </testcase> <!-- defaultLogInLogOut -->
</testsuite> <!-- com.project.test.TC_loginLogout -->
