<?xml version="1.0" encoding="UTF-8"?>
<!-- Generated by org.testng.reporters.JUnitReportReporter -->
<testsuite hostname="bLacKDoPh1n" failures="0" tests="1" name="com.project.test.TC_BrowserRefresh" time="9.318" errors="0" timestamp="2024-07-01T16:40:04 IST" skipped="0">
  <testcase classname="com.project.test.TC_BrowserRefresh" name="testBrowserRefresh" time="9.318"/>
</testsuite> <!-- com.project.test.TC_BrowserRefresh -->
