<?xml version="1.0" encoding="UTF-8"?>
<!-- Generated by org.testng.reporters.JUnitReportReporter -->
<testsuite hostname="bLacKDoPh1n" failures="0" tests="1" name="deletethis.scrollTo" time="7.500" errors="0" timestamp="2024-06-30T21:35:57 IST" skipped="0">
  <testcase classname="deletethis.scrollTo" name="f" time="7.500"/>
</testsuite> <!-- deletethis.scrollTo -->
