<?xml version="1.0" encoding="UTF-8"?>
<!-- Generated by org.testng.reporters.JUnitReportReporter -->
<testsuite hostname="bLacKDoPh1n" failures="0" tests="1" name="com.webUI.selenium.TestNgTest" time="0.005" errors="0" timestamp="2024-06-28T23:42:53 IST" skipped="0">
  <testcase classname="com.webUI.selenium.TestNgTest" name="launch" time="0.005"/>
</testsuite> <!-- com.webUI.selenium.TestNgTest -->
